<?xml version="1.0" encoding="UTF-8"?>
<testsuite xmlns:xsi="http://www.w3.org/2001/XMLSchema-instance" xsi:noNamespaceSchemaLocation="https://maven.apache.org/surefire/maven-surefire-plugin/xsd/surefire-test-report-3.0.xsd" version="3.0" name="TestSuite" time="1.575" tests="15" errors="0" skipped="10" failures="5">
  <properties>
[...]
</properties>
  <testcase name="setUp" classname="ru.otus.qa.automation.tests.testng.Test03" time="1.33">
    <failure message="Error forwarding the new session cannot find : Capabilities {browserName: chrome, platform: WIN8, version: 91}&#10;Command duration or timeout: 123 milliseconds" type="org.openqa.selenium.WebDriverException"><![CDATA[org.openqa.selenium.WebDriverException: 
Error forwarding the new session cannot find : Capabilities {browserName: chrome, platform: WIN8, version: 91}
Command duration or timeout: 123 milliseconds
	at ru.otus.qa.automation.tests.testng.Test03.setUp(Test03.java:17)
Caused by: org.openqa.selenium.WebDriverException: 
Error forwarding the new session cannot find : Capabilities {browserName: chrome, platform: WIN8, version: 91}
Build info: version: '3.141.59', revision: 'e82be7d358', time: '2018-11-14T08:17:03'
System info: host: 'LP-RU00535.local', ip: 'fe80:0:0:0:4bf:58c7:fa13:808f%en0', os.name: 'Mac OS X', os.arch: 'x86_64', os.version: '10.15.7', java.version: '15.0.2'
Driver info: driver.version: unknown
]]></failure>
  </testcase>
  <testcase name="test03" classname="ru.otus.qa.automation.tests.testng.Test03" time="0">
    <skipped message="Error forwarding the new session cannot find : Capabilities {browserName: chrome, platform: WIN8, version: 91}&#10;Command duration or timeout: 123 milliseconds"/>
  </testcase>
  <testcase name="tearDown" classname="ru.otus.qa.automation.tests.testng.Test03" time="0">
    <skipped/>
  </testcase>
  <testcase name="setUp" classname="ru.otus.qa.automation.tests.testng.Test02" time="1.331">
    <failure message="Error forwarding the new session cannot find : Capabilities {browserName: chrome, platform: WIN8, version: 91}&#10;Command duration or timeout: 123 milliseconds" type="org.openqa.selenium.WebDriverException"><![CDATA[org.openqa.selenium.WebDriverException: 
Error forwarding the new session cannot find : Capabilities {browserName: chrome, platform: WIN8, version: 91}
Command duration or timeout: 123 milliseconds
	at ru.otus.qa.automation.tests.testng.Test02.setUp(Test02.java:17)
Caused by: org.openqa.selenium.WebDriverException: 
Error forwarding the new session cannot find : Capabilities {browserName: chrome, platform: WIN8, version: 91}
Build info: version: '3.141.59', revision: 'e82be7d358', time: '2018-11-14T08:17:03'
System info: host: 'LP-RU00535.local', ip: 'fe80:0:0:0:4bf:58c7:fa13:808f%en0', os.name: 'Mac OS X', os.arch: 'x86_64', os.version: '10.15.7', java.version: '15.0.2'
Driver info: driver.version: unknown
]]></failure>
  </testcase>
  <testcase name="test02" classname="ru.otus.qa.automation.tests.testng.Test02" time="0">
    <skipped message="Error forwarding the new session cannot find : Capabilities {browserName: chrome, platform: WIN8, version: 91}&#10;Command duration or timeout: 123 milliseconds"/>
  </testcase>
  <testcase name="tearDown" classname="ru.otus.qa.automation.tests.testng.Test02" time="0">
    <skipped/>
  </testcase>
  <testcase name="setUp" classname="ru.otus.qa.automation.tests.testng.Test01" time="1.331">
    <failure message="Error forwarding the new session cannot find : Capabilities {browserName: chrome, platform: WIN8, version: 91}&#10;Command duration or timeout: 123 milliseconds" type="org.openqa.selenium.WebDriverException"><![CDATA[org.openqa.selenium.WebDriverException: 
Error forwarding the new session cannot find : Capabilities {browserName: chrome, platform: WIN8, version: 91}
Command duration or timeout: 123 milliseconds
	at ru.otus.qa.automation.tests.testng.Test01.setUp(Test01.java:17)
Caused by: org.openqa.selenium.WebDriverException: 
Error forwarding the new session cannot find : Capabilities {browserName: chrome, platform: WIN8, version: 91}
Build info: version: '3.141.59', revision: 'e82be7d358', time: '2018-11-14T08:17:03'
System info: host: 'LP-RU00535.local', ip: 'fe80:0:0:0:4bf:58c7:fa13:808f%en0', os.name: 'Mac OS X', os.arch: 'x86_64', os.version: '10.15.7', java.version: '15.0.2'
Driver info: driver.version: unknown
]]></failure>
  </testcase>
  <testcase name="test01" classname="ru.otus.qa.automation.tests.testng.Test01" time="0">
    <skipped message="Error forwarding the new session cannot find : Capabilities {browserName: chrome, platform: WIN8, version: 91}&#10;Command duration or timeout: 123 milliseconds"/>
  </testcase>
  <testcase name="tearDown" classname="ru.otus.qa.automation.tests.testng.Test01" time="0">
    <skipped/>
  </testcase>
  <testcase name="setUp" classname="ru.otus.qa.automation.tests.testng.Test04" time="1.332">
    <failure message="Error forwarding the new session cannot find : Capabilities {browserName: chrome, platform: WIN8, version: 91}&#10;Command duration or timeout: 123 milliseconds" type="org.openqa.selenium.WebDriverException"><![CDATA[org.openqa.selenium.WebDriverException: 
Error forwarding the new session cannot find : Capabilities {browserName: chrome, platform: WIN8, version: 91}
Command duration or timeout: 123 milliseconds
	at ru.otus.qa.automation.tests.testng.Test04.setUp(Test04.java:17)
Caused by: org.openqa.selenium.WebDriverException: 
Error forwarding the new session cannot find : Capabilities {browserName: chrome, platform: WIN8, version: 91}
Build info: version: '3.141.59', revision: 'e82be7d358', time: '2018-11-14T08:17:03'
System info: host: 'LP-RU00535.local', ip: 'fe80:0:0:0:4bf:58c7:fa13:808f%en0', os.name: 'Mac OS X', os.arch: 'x86_64', os.version: '10.15.7', java.version: '15.0.2'
Driver info: driver.version: unknown
]]></failure>
  </testcase>
  <testcase name="test04" classname="ru.otus.qa.automation.tests.testng.Test04" time="0">
    <skipped message="Error forwarding the new session cannot find : Capabilities {browserName: chrome, platform: WIN8, version: 91}&#10;Command duration or timeout: 123 milliseconds"/>
  </testcase>
  <testcase name="tearDown" classname="ru.otus.qa.automation.tests.testng.Test04" time="0">
    <skipped/>
  </testcase>
  <testcase name="setUp" classname="ru.otus.qa.automation.tests.testng.Test05" time="1.333">
    <failure message="Error forwarding the new session cannot find : Capabilities {browserName: chrome, platform: WIN8, version: 91}&#10;Command duration or timeout: 123 milliseconds" type="org.openqa.selenium.WebDriverException"><![CDATA[org.openqa.selenium.WebDriverException: 
Error forwarding the new session cannot find : Capabilities {browserName: chrome, platform: WIN8, version: 91}
Command duration or timeout: 123 milliseconds
	at ru.otus.qa.automation.tests.testng.Test05.setUp(Test05.java:17)
Caused by: org.openqa.selenium.WebDriverException: 
Error forwarding the new session cannot find : Capabilities {browserName: chrome, platform: WIN8, version: 91}
Build info: version: '3.141.59', revision: 'e82be7d358', time: '2018-11-14T08:17:03'
System info: host: 'LP-RU00535.local', ip: 'fe80:0:0:0:4bf:58c7:fa13:808f%en0', os.name: 'Mac OS X', os.arch: 'x86_64', os.version: '10.15.7', java.version: '15.0.2'
Driver info: driver.version: unknown
]]></failure>
  </testcase>
  <testcase name="test05" classname="ru.otus.qa.automation.tests.testng.Test05" time="0">
    <skipped message="Error forwarding the new session cannot find : Capabilities {browserName: chrome, platform: WIN8, version: 91}&#10;Command duration or timeout: 123 milliseconds"/>
  </testcase>
  <testcase name="tearDown" classname="ru.otus.qa.automation.tests.testng.Test05" time="0">
    <skipped/>
  </testcase>
</testsuite>